<?xml version="1.0" encoding="UTF-8"?>
<!-- Generated by org.testng.reporters.JUnitReportReporter -->
<testsuite hostname="Abhishek-PC" name="com.Actitime.Sel.TestCase3Test" tests="1" failures="0" timestamp="5 Jul 2016 01:36:42 GMT" time="32.751" errors="0">
  <testcase name="execTest1" time="32.751" classname="com.Actitime.Sel.TestCase3Test"/>
</testsuite> <!-- com.Actitime.Sel.TestCase3Test -->
