<?xml version="1.0" encoding="UTF-8"?>
<!-- Generated by org.testng.reporters.JUnitReportReporter -->
<testsuite hostname="Abhishek-PC" name="com.Actitime.Sel.TestCase4Test" tests="1" failures="0" timestamp="5 Jul 2016 01:36:42 GMT" time="29.561" errors="0">
  <testcase name="execTest1" time="29.561" classname="com.Actitime.Sel.TestCase4Test"/>
</testsuite> <!-- com.Actitime.Sel.TestCase4Test -->
