<?xml version="1.0" encoding="UTF-8"?>
<!-- Generated by org.testng.reporters.JUnitReportReporter -->
<testsuite hostname="Abhishek-PC" name="com.Actitime.Sel.NewTest" tests="1" failures="0" timestamp="5 Jul 2016 00:55:44 GMT" time="12.356" errors="0">
  <testcase name="execTest1" time="12.356" classname="com.Actitime.Sel.NewTest"/>
</testsuite> <!-- com.Actitime.Sel.NewTest -->
